<?xml version="1.0" encoding="utf-8"?><testsuites name="pytest tests"><testsuite name="pytest" errors="0" failures="0" skipped="0" tests="6" time="1.262" timestamp="2025-06-05T11:03:41.946899+03:00" hostname="CCNY_Apple_DEP_KWWLWNJQH3"><testcase classname="tests.test_channel_videos" name="test_get_channel_video_info" time="0.004" /><testcase classname="tests.test_channel_videos" name="test_get_channel_video_info_error" time="0.001" /><testcase classname="tests.test_channel_videos" name="test_get_video_details" time="0.001" /><testcase classname="tests.test_channel_videos" name="test_parse_upload_date" time="0.002" /><testcase classname="tests.test_channel_videos" name="test_get_unique_csv_filename" time="0.002" /><testcase classname="tests.test_channel_videos" name="test_youtube_dl_output_format" time="0.001" /></testsuite></testsuites>